{"/Users/shivkarnani/Desktop/agile-github-projects-madhav-piotr-shiv-and-jeh/Education_RAG/server/auth.js": {"path":"/Users/shivkarnani/Desktop/agile-github-projects-madhav-piotr-shiv-and-jeh/Education_RAG/server/auth.js","statementMap":{"0":{"start":{"line":1,"column":12},"end":{"line":1,"column":35}},"1":{"start":{"line":4,"column":21},"end":{"line":4,"column":49}},"2":{"start":{"line":5,"column":16},"end":{"line":5,"column":54}},"3":{"start":{"line":7,"column":2},"end":{"line":7,"column":97}},"4":{"start":{"line":7,"column":14},"end":{"line":7,"column":97}},"5":{"start":{"line":9,"column":2},"end":{"line":16,"column":3}},"6":{"start":{"line":10,"column":20},"end":{"line":10,"column":61}},"7":{"start":{"line":12,"column":4},"end":{"line":12,"column":30}},"8":{"start":{"line":13,"column":4},"end":{"line":13,"column":11}},"9":{"start":{"line":15,"column":4},"end":{"line":15,"column":63}},"10":{"start":{"line":19,"column":0},"end":{"line":19,"column":29}}},"fnMap":{"0":{"name":"verifyToken","decl":{"start":{"line":3,"column":9},"end":{"line":3,"column":20}},"loc":{"start":{"line":3,"column":37},"end":{"line":17,"column":1}},"line":3}},"branchMap":{"0":{"loc":{"start":{"line":5,"column":16},"end":{"line":5,"column":54}},"type":"binary-expr","locations":[{"start":{"line":5,"column":16},"end":{"line":5,"column":26}},{"start":{"line":5,"column":30},"end":{"line":5,"column":54}}],"line":5},"1":{"loc":{"start":{"line":7,"column":2},"end":{"line":7,"column":97}},"type":"if","locations":[{"start":{"line":7,"column":2},"end":{"line":7,"column":97}},{"start":{},"end":{}}],"line":7}},"s":{"0":1,"1":0,"2":0,"3":0,"4":0,"5":0,"6":0,"7":0,"8":0,"9":0,"10":1},"f":{"0":0},"b":{"0":[0,0],"1":[0,0]},"_coverageSchema":"1a1c01bbd47fc00a2c39e90264f33305004495a9","hash":"090e86dad067a385e40ab3ad7ecc7cd11249fba3"}
,"/Users/shivkarnani/Desktop/agile-github-projects-madhav-piotr-shiv-and-jeh/Education_RAG/server/index.js": {"path":"/Users/shivkarnani/Desktop/agile-github-projects-madhav-piotr-shiv-and-jeh/Education_RAG/server/index.js","statementMap":{"0":{"start":{"line":1,"column":16},"end":{"line":1,"column":34}},"1":{"start":{"line":2,"column":17},"end":{"line":2,"column":36}},"2":{"start":{"line":3,"column":13},"end":{"line":3,"column":28}},"3":{"start":{"line":4,"column":18},"end":{"line":4,"column":43}},"4":{"start":{"line":5,"column":15},"end":{"line":5,"column":34}},"5":{"start":{"line":6,"column":12},"end":{"line":6,"column":35}},"6":{"start":{"line":7,"column":0},"end":{"line":7,"column":27}},"7":{"start":{"line":8,"column":20},"end":{"line":8,"column":37}},"8":{"start":{"line":11,"column":12},"end":{"line":11,"column":21}},"9":{"start":{"line":12,"column":0},"end":{"line":12,"column":23}},"10":{"start":{"line":13,"column":0},"end":{"line":13,"column":15}},"11":{"start":{"line":15,"column":0},"end":{"line":15,"column":135}},"12":{"start":{"line":18,"column":0},"end":{"line":40,"column":3}},"13":{"start":{"line":19,"column":32},"end":{"line":19,"column":40}},"14":{"start":{"line":21,"column":4},"end":{"line":23,"column":5}},"15":{"start":{"line":22,"column":8},"end":{"line":22,"column":97}},"16":{"start":{"line":25,"column":4},"end":{"line":39,"column":5}},"17":{"start":{"line":26,"column":29},"end":{"line":26,"column":63}},"18":{"start":{"line":27,"column":8},"end":{"line":29,"column":9}},"19":{"start":{"line":28,"column":12},"end":{"line":28,"column":99}},"20":{"start":{"line":31,"column":31},"end":{"line":31,"column":62}},"21":{"start":{"line":33,"column":21},"end":{"line":33,"column":80}},"22":{"start":{"line":35,"column":8},"end":{"line":35,"column":72}},"23":{"start":{"line":37,"column":8},"end":{"line":37,"column":27}},"24":{"start":{"line":38,"column":8},"end":{"line":38,"column":66}},"25":{"start":{"line":42,"column":0},"end":{"line":64,"column":3}},"26":{"start":{"line":43,"column":32},"end":{"line":43,"column":40}},"27":{"start":{"line":45,"column":4},"end":{"line":63,"column":5}},"28":{"start":{"line":46,"column":21},"end":{"line":46,"column":55}},"29":{"start":{"line":47,"column":8},"end":{"line":49,"column":9}},"30":{"start":{"line":48,"column":12},"end":{"line":48,"column":91}},"31":{"start":{"line":51,"column":34},"end":{"line":51,"column":79}},"32":{"start":{"line":52,"column":8},"end":{"line":54,"column":9}},"33":{"start":{"line":53,"column":12},"end":{"line":53,"column":83}},"34":{"start":{"line":57,"column":22},"end":{"line":57,"column":98}},"35":{"start":{"line":59,"column":8},"end":{"line":59,"column":48}},"36":{"start":{"line":61,"column":8},"end":{"line":61,"column":27}},"37":{"start":{"line":62,"column":8},"end":{"line":62,"column":59}},"38":{"start":{"line":66,"column":0},"end":{"line":80,"column":3}},"39":{"start":{"line":67,"column":18},"end":{"line":67,"column":27}},"40":{"start":{"line":69,"column":4},"end":{"line":79,"column":5}},"41":{"start":{"line":70,"column":21},"end":{"line":70,"column":76}},"42":{"start":{"line":71,"column":8},"end":{"line":73,"column":9}},"43":{"start":{"line":72,"column":12},"end":{"line":72,"column":72}},"44":{"start":{"line":75,"column":8},"end":{"line":75,"column":39}},"45":{"start":{"line":77,"column":8},"end":{"line":77,"column":27}},"46":{"start":{"line":78,"column":8},"end":{"line":78,"column":69}},"47":{"start":{"line":82,"column":0},"end":{"line":102,"column":3}},"48":{"start":{"line":83,"column":33},"end":{"line":83,"column":41}},"49":{"start":{"line":85,"column":4},"end":{"line":85,"column":33}},"50":{"start":{"line":87,"column":4},"end":{"line":101,"column":5}},"51":{"start":{"line":89,"column":28},"end":{"line":91,"column":25}},"52":{"start":{"line":93,"column":8},"end":{"line":95,"column":9}},"53":{"start":{"line":94,"column":12},"end":{"line":94,"column":72}},"54":{"start":{"line":97,"column":8},"end":{"line":97,"column":64}},"55":{"start":{"line":99,"column":8},"end":{"line":99,"column":27}},"56":{"start":{"line":100,"column":8},"end":{"line":100,"column":70}},"57":{"start":{"line":104,"column":0},"end":{"line":118,"column":3}},"58":{"start":{"line":105,"column":18},"end":{"line":105,"column":27}},"59":{"start":{"line":107,"column":4},"end":{"line":117,"column":5}},"60":{"start":{"line":108,"column":21},"end":{"line":108,"column":74}},"61":{"start":{"line":109,"column":8},"end":{"line":111,"column":9}},"62":{"start":{"line":110,"column":12},"end":{"line":110,"column":72}},"63":{"start":{"line":113,"column":8},"end":{"line":113,"column":46}},"64":{"start":{"line":115,"column":8},"end":{"line":115,"column":27}},"65":{"start":{"line":116,"column":8},"end":{"line":116,"column":75}},"66":{"start":{"line":120,"column":0},"end":{"line":123,"column":3}},"67":{"start":{"line":122,"column":4},"end":{"line":122,"column":53}},"68":{"start":{"line":125,"column":0},"end":{"line":127,"column":2}},"69":{"start":{"line":126,"column":4},"end":{"line":126,"column":37}}},"fnMap":{"0":{"name":"(anonymous_0)","decl":{"start":{"line":18,"column":20},"end":{"line":18,"column":21}},"loc":{"start":{"line":18,"column":40},"end":{"line":40,"column":1}},"line":18},"1":{"name":"(anonymous_1)","decl":{"start":{"line":42,"column":19},"end":{"line":42,"column":20}},"loc":{"start":{"line":42,"column":39},"end":{"line":64,"column":1}},"line":42},"2":{"name":"(anonymous_2)","decl":{"start":{"line":66,"column":37},"end":{"line":66,"column":38}},"loc":{"start":{"line":66,"column":57},"end":{"line":80,"column":1}},"line":66},"3":{"name":"(anonymous_3)","decl":{"start":{"line":82,"column":42},"end":{"line":82,"column":43}},"loc":{"start":{"line":82,"column":62},"end":{"line":102,"column":1}},"line":82},"4":{"name":"(anonymous_4)","decl":{"start":{"line":104,"column":43},"end":{"line":104,"column":44}},"loc":{"start":{"line":104,"column":63},"end":{"line":118,"column":1}},"line":104},"5":{"name":"(anonymous_5)","decl":{"start":{"line":120,"column":41},"end":{"line":120,"column":42}},"loc":{"start":{"line":120,"column":55},"end":{"line":123,"column":1}},"line":120},"6":{"name":"(anonymous_6)","decl":{"start":{"line":125,"column":17},"end":{"line":125,"column":18}},"loc":{"start":{"line":125,"column":23},"end":{"line":127,"column":1}},"line":125}},"branchMap":{"0":{"loc":{"start":{"line":21,"column":4},"end":{"line":23,"column":5}},"type":"if","locations":[{"start":{"line":21,"column":4},"end":{"line":23,"column":5}},{"start":{},"end":{}}],"line":21},"1":{"loc":{"start":{"line":27,"column":8},"end":{"line":29,"column":9}},"type":"if","locations":[{"start":{"line":27,"column":8},"end":{"line":29,"column":9}},{"start":{},"end":{}}],"line":27},"2":{"loc":{"start":{"line":47,"column":8},"end":{"line":49,"column":9}},"type":"if","locations":[{"start":{"line":47,"column":8},"end":{"line":49,"column":9}},{"start":{},"end":{}}],"line":47},"3":{"loc":{"start":{"line":52,"column":8},"end":{"line":54,"column":9}},"type":"if","locations":[{"start":{"line":52,"column":8},"end":{"line":54,"column":9}},{"start":{},"end":{}}],"line":52},"4":{"loc":{"start":{"line":71,"column":8},"end":{"line":73,"column":9}},"type":"if","locations":[{"start":{"line":71,"column":8},"end":{"line":73,"column":9}},{"start":{},"end":{}}],"line":71},"5":{"loc":{"start":{"line":93,"column":8},"end":{"line":95,"column":9}},"type":"if","locations":[{"start":{"line":93,"column":8},"end":{"line":95,"column":9}},{"start":{},"end":{}}],"line":93},"6":{"loc":{"start":{"line":109,"column":8},"end":{"line":111,"column":9}},"type":"if","locations":[{"start":{"line":109,"column":8},"end":{"line":111,"column":9}},{"start":{},"end":{}}],"line":109}},"s":{"0":1,"1":1,"2":1,"3":1,"4":1,"5":1,"6":1,"7":1,"8":1,"9":1,"10":1,"11":1,"12":1,"13":0,"14":0,"15":0,"16":0,"17":0,"18":0,"19":0,"20":0,"21":0,"22":0,"23":0,"24":0,"25":1,"26":0,"27":0,"28":0,"29":0,"30":0,"31":0,"32":0,"33":0,"34":0,"35":0,"36":0,"37":0,"38":1,"39":0,"40":0,"41":0,"42":0,"43":0,"44":0,"45":0,"46":0,"47":1,"48":0,"49":0,"50":0,"51":0,"52":0,"53":0,"54":0,"55":0,"56":0,"57":1,"58":0,"59":0,"60":0,"61":0,"62":0,"63":0,"64":0,"65":0,"66":1,"67":0,"68":1,"69":1},"f":{"0":0,"1":0,"2":0,"3":0,"4":0,"5":0,"6":1},"b":{"0":[0,0],"1":[0,0],"2":[0,0],"3":[0,0],"4":[0,0],"5":[0,0],"6":[0,0]},"_coverageSchema":"1a1c01bbd47fc00a2c39e90264f33305004495a9","hash":"5c47fd3bdb63c5399df5d28b42622e77d20d0218"}
,"/Users/shivkarnani/Desktop/agile-github-projects-madhav-piotr-shiv-and-jeh/Education_RAG/server/models/Users.js": {"path":"/Users/shivkarnani/Desktop/agile-github-projects-madhav-piotr-shiv-and-jeh/Education_RAG/server/models/Users.js","statementMap":{"0":{"start":{"line":1,"column":17},"end":{"line":1,"column":36}},"1":{"start":{"line":3,"column":19},"end":{"line":17,"column":2}},"2":{"start":{"line":19,"column":18},"end":{"line":19,"column":53}},"3":{"start":{"line":20,"column":0},"end":{"line":20,"column":27}}},"fnMap":{},"branchMap":{},"s":{"0":1,"1":1,"2":1,"3":1},"f":{},"b":{},"_coverageSchema":"1a1c01bbd47fc00a2c39e90264f33305004495a9","hash":"4c6d5ae82c602d3033ba9afd79c4bea83024da67"}
}
