{"/Users/neilkapoor/Downloads/agile-github-projects-madhav-piotr-shiv-and-jeh-2/Education_RAG/server/auth.js": {"path":"/Users/neilkapoor/Downloads/agile-github-projects-madhav-piotr-shiv-and-jeh-2/Education_RAG/server/auth.js","statementMap":{"0":{"start":{"line":1,"column":12},"end":{"line":1,"column":35}},"1":{"start":{"line":4,"column":21},"end":{"line":4,"column":49}},"2":{"start":{"line":5,"column":16},"end":{"line":5,"column":54}},"3":{"start":{"line":7,"column":2},"end":{"line":7,"column":97}},"4":{"start":{"line":7,"column":14},"end":{"line":7,"column":97}},"5":{"start":{"line":9,"column":2},"end":{"line":16,"column":3}},"6":{"start":{"line":10,"column":20},"end":{"line":10,"column":61}},"7":{"start":{"line":12,"column":4},"end":{"line":12,"column":30}},"8":{"start":{"line":13,"column":4},"end":{"line":13,"column":11}},"9":{"start":{"line":15,"column":4},"end":{"line":15,"column":63}},"10":{"start":{"line":19,"column":0},"end":{"line":19,"column":29}}},"fnMap":{"0":{"name":"verifyToken","decl":{"start":{"line":3,"column":9},"end":{"line":3,"column":20}},"loc":{"start":{"line":3,"column":37},"end":{"line":17,"column":1}},"line":3}},"branchMap":{"0":{"loc":{"start":{"line":5,"column":16},"end":{"line":5,"column":54}},"type":"binary-expr","locations":[{"start":{"line":5,"column":16},"end":{"line":5,"column":26}},{"start":{"line":5,"column":30},"end":{"line":5,"column":54}}],"line":5},"1":{"loc":{"start":{"line":7,"column":2},"end":{"line":7,"column":97}},"type":"if","locations":[{"start":{"line":7,"column":2},"end":{"line":7,"column":97}},{"start":{},"end":{}}],"line":7}},"s":{"0":1,"1":0,"2":0,"3":0,"4":0,"5":0,"6":0,"7":0,"8":0,"9":0,"10":1},"f":{"0":0},"b":{"0":[0,0],"1":[0,0]},"_coverageSchema":"1a1c01bbd47fc00a2c39e90264f33305004495a9","hash":"60dab33be78f2e2a5422a3f7afe05938f5f613fd"}
,"/Users/neilkapoor/Downloads/agile-github-projects-madhav-piotr-shiv-and-jeh-2/Education_RAG/server/server.js": {"path":"/Users/neilkapoor/Downloads/agile-github-projects-madhav-piotr-shiv-and-jeh-2/Education_RAG/server/server.js","statementMap":{"0":{"start":{"line":1,"column":16},"end":{"line":1,"column":34}},"1":{"start":{"line":2,"column":17},"end":{"line":2,"column":36}},"2":{"start":{"line":3,"column":13},"end":{"line":3,"column":28}},"3":{"start":{"line":4,"column":18},"end":{"line":4,"column":43}},"4":{"start":{"line":5,"column":15},"end":{"line":5,"column":34}},"5":{"start":{"line":6,"column":12},"end":{"line":6,"column":35}},"6":{"start":{"line":7,"column":0},"end":{"line":7,"column":27}},"7":{"start":{"line":8,"column":20},"end":{"line":8,"column":37}},"8":{"start":{"line":11,"column":12},"end":{"line":11,"column":21}},"9":{"start":{"line":12,"column":0},"end":{"line":12,"column":23}},"10":{"start":{"line":13,"column":0},"end":{"line":13,"column":15}},"11":{"start":{"line":17,"column":0},"end":{"line":17,"column":140}},"12":{"start":{"line":19,"column":0},"end":{"line":41,"column":3}},"13":{"start":{"line":20,"column":32},"end":{"line":20,"column":40}},"14":{"start":{"line":22,"column":4},"end":{"line":24,"column":5}},"15":{"start":{"line":23,"column":8},"end":{"line":23,"column":97}},"16":{"start":{"line":26,"column":4},"end":{"line":40,"column":5}},"17":{"start":{"line":27,"column":29},"end":{"line":27,"column":63}},"18":{"start":{"line":28,"column":8},"end":{"line":30,"column":9}},"19":{"start":{"line":29,"column":12},"end":{"line":29,"column":99}},"20":{"start":{"line":32,"column":31},"end":{"line":32,"column":62}},"21":{"start":{"line":34,"column":21},"end":{"line":34,"column":80}},"22":{"start":{"line":36,"column":8},"end":{"line":36,"column":72}},"23":{"start":{"line":38,"column":8},"end":{"line":38,"column":27}},"24":{"start":{"line":39,"column":8},"end":{"line":39,"column":66}},"25":{"start":{"line":43,"column":0},"end":{"line":65,"column":3}},"26":{"start":{"line":44,"column":32},"end":{"line":44,"column":40}},"27":{"start":{"line":46,"column":4},"end":{"line":64,"column":5}},"28":{"start":{"line":47,"column":21},"end":{"line":47,"column":55}},"29":{"start":{"line":48,"column":8},"end":{"line":50,"column":9}},"30":{"start":{"line":49,"column":12},"end":{"line":49,"column":91}},"31":{"start":{"line":52,"column":34},"end":{"line":52,"column":79}},"32":{"start":{"line":53,"column":8},"end":{"line":55,"column":9}},"33":{"start":{"line":54,"column":12},"end":{"line":54,"column":83}},"34":{"start":{"line":58,"column":22},"end":{"line":58,"column":98}},"35":{"start":{"line":60,"column":8},"end":{"line":60,"column":48}},"36":{"start":{"line":62,"column":8},"end":{"line":62,"column":27}},"37":{"start":{"line":63,"column":8},"end":{"line":63,"column":59}},"38":{"start":{"line":67,"column":0},"end":{"line":81,"column":3}},"39":{"start":{"line":68,"column":18},"end":{"line":68,"column":27}},"40":{"start":{"line":70,"column":4},"end":{"line":80,"column":5}},"41":{"start":{"line":71,"column":21},"end":{"line":71,"column":76}},"42":{"start":{"line":72,"column":8},"end":{"line":74,"column":9}},"43":{"start":{"line":73,"column":12},"end":{"line":73,"column":72}},"44":{"start":{"line":76,"column":8},"end":{"line":76,"column":39}},"45":{"start":{"line":78,"column":8},"end":{"line":78,"column":27}},"46":{"start":{"line":79,"column":8},"end":{"line":79,"column":69}},"47":{"start":{"line":83,"column":0},"end":{"line":103,"column":3}},"48":{"start":{"line":84,"column":33},"end":{"line":84,"column":41}},"49":{"start":{"line":86,"column":4},"end":{"line":86,"column":33}},"50":{"start":{"line":88,"column":4},"end":{"line":102,"column":5}},"51":{"start":{"line":90,"column":28},"end":{"line":92,"column":25}},"52":{"start":{"line":94,"column":8},"end":{"line":96,"column":9}},"53":{"start":{"line":95,"column":12},"end":{"line":95,"column":72}},"54":{"start":{"line":98,"column":8},"end":{"line":98,"column":64}},"55":{"start":{"line":100,"column":8},"end":{"line":100,"column":27}},"56":{"start":{"line":101,"column":8},"end":{"line":101,"column":70}},"57":{"start":{"line":105,"column":0},"end":{"line":119,"column":3}},"58":{"start":{"line":106,"column":18},"end":{"line":106,"column":27}},"59":{"start":{"line":108,"column":4},"end":{"line":118,"column":5}},"60":{"start":{"line":109,"column":21},"end":{"line":109,"column":74}},"61":{"start":{"line":110,"column":8},"end":{"line":112,"column":9}},"62":{"start":{"line":111,"column":12},"end":{"line":111,"column":72}},"63":{"start":{"line":114,"column":8},"end":{"line":114,"column":46}},"64":{"start":{"line":116,"column":8},"end":{"line":116,"column":27}},"65":{"start":{"line":117,"column":8},"end":{"line":117,"column":75}},"66":{"start":{"line":121,"column":0},"end":{"line":124,"column":3}},"67":{"start":{"line":123,"column":4},"end":{"line":123,"column":53}},"68":{"start":{"line":130,"column":0},"end":{"line":130,"column":21}}},"fnMap":{"0":{"name":"(anonymous_0)","decl":{"start":{"line":19,"column":20},"end":{"line":19,"column":21}},"loc":{"start":{"line":19,"column":40},"end":{"line":41,"column":1}},"line":19},"1":{"name":"(anonymous_1)","decl":{"start":{"line":43,"column":19},"end":{"line":43,"column":20}},"loc":{"start":{"line":43,"column":39},"end":{"line":65,"column":1}},"line":43},"2":{"name":"(anonymous_2)","decl":{"start":{"line":67,"column":37},"end":{"line":67,"column":38}},"loc":{"start":{"line":67,"column":57},"end":{"line":81,"column":1}},"line":67},"3":{"name":"(anonymous_3)","decl":{"start":{"line":83,"column":42},"end":{"line":83,"column":43}},"loc":{"start":{"line":83,"column":62},"end":{"line":103,"column":1}},"line":83},"4":{"name":"(anonymous_4)","decl":{"start":{"line":105,"column":43},"end":{"line":105,"column":44}},"loc":{"start":{"line":105,"column":63},"end":{"line":119,"column":1}},"line":105},"5":{"name":"(anonymous_5)","decl":{"start":{"line":121,"column":41},"end":{"line":121,"column":42}},"loc":{"start":{"line":121,"column":55},"end":{"line":124,"column":1}},"line":121}},"branchMap":{"0":{"loc":{"start":{"line":22,"column":4},"end":{"line":24,"column":5}},"type":"if","locations":[{"start":{"line":22,"column":4},"end":{"line":24,"column":5}},{"start":{},"end":{}}],"line":22},"1":{"loc":{"start":{"line":28,"column":8},"end":{"line":30,"column":9}},"type":"if","locations":[{"start":{"line":28,"column":8},"end":{"line":30,"column":9}},{"start":{},"end":{}}],"line":28},"2":{"loc":{"start":{"line":48,"column":8},"end":{"line":50,"column":9}},"type":"if","locations":[{"start":{"line":48,"column":8},"end":{"line":50,"column":9}},{"start":{},"end":{}}],"line":48},"3":{"loc":{"start":{"line":53,"column":8},"end":{"line":55,"column":9}},"type":"if","locations":[{"start":{"line":53,"column":8},"end":{"line":55,"column":9}},{"start":{},"end":{}}],"line":53},"4":{"loc":{"start":{"line":72,"column":8},"end":{"line":74,"column":9}},"type":"if","locations":[{"start":{"line":72,"column":8},"end":{"line":74,"column":9}},{"start":{},"end":{}}],"line":72},"5":{"loc":{"start":{"line":94,"column":8},"end":{"line":96,"column":9}},"type":"if","locations":[{"start":{"line":94,"column":8},"end":{"line":96,"column":9}},{"start":{},"end":{}}],"line":94},"6":{"loc":{"start":{"line":110,"column":8},"end":{"line":112,"column":9}},"type":"if","locations":[{"start":{"line":110,"column":8},"end":{"line":112,"column":9}},{"start":{},"end":{}}],"line":110}},"s":{"0":1,"1":1,"2":1,"3":1,"4":1,"5":1,"6":1,"7":1,"8":1,"9":1,"10":1,"11":1,"12":1,"13":3,"14":3,"15":1,"16":2,"17":2,"18":2,"19":1,"20":1,"21":1,"22":1,"23":0,"24":0,"25":1,"26":3,"27":3,"28":3,"29":3,"30":1,"31":2,"32":2,"33":1,"34":1,"35":1,"36":0,"37":0,"38":1,"39":0,"40":0,"41":0,"42":0,"43":0,"44":0,"45":0,"46":0,"47":1,"48":0,"49":0,"50":0,"51":0,"52":0,"53":0,"54":0,"55":0,"56":0,"57":1,"58":0,"59":0,"60":0,"61":0,"62":0,"63":0,"64":0,"65":0,"66":1,"67":0,"68":1},"f":{"0":3,"1":3,"2":0,"3":0,"4":0,"5":0},"b":{"0":[1,2],"1":[1,1],"2":[1,2],"3":[1,1],"4":[0,0],"5":[0,0],"6":[0,0]},"_coverageSchema":"1a1c01bbd47fc00a2c39e90264f33305004495a9","hash":"cdb35bf13bf560384eebf05d43fb677259ad1108"}
,"/Users/neilkapoor/Downloads/agile-github-projects-madhav-piotr-shiv-and-jeh-2/Education_RAG/server/models/Users.js": {"path":"/Users/neilkapoor/Downloads/agile-github-projects-madhav-piotr-shiv-and-jeh-2/Education_RAG/server/models/Users.js","statementMap":{"0":{"start":{"line":1,"column":17},"end":{"line":1,"column":36}},"1":{"start":{"line":3,"column":19},"end":{"line":17,"column":2}},"2":{"start":{"line":19,"column":18},"end":{"line":19,"column":53}},"3":{"start":{"line":20,"column":0},"end":{"line":20,"column":27}}},"fnMap":{},"branchMap":{},"s":{"0":1,"1":1,"2":1,"3":1},"f":{},"b":{},"_coverageSchema":"1a1c01bbd47fc00a2c39e90264f33305004495a9","hash":"372b2a3d49ad99837809cf0ef86d8fa782301d30"}
}
