TN:
SF:auth.js
FN:3,verifyToken
FNF:1
FNH:1
FNDA:2,verifyToken
DA:1,1
DA:4,2
DA:5,2
DA:7,2
DA:9,2
DA:10,2
DA:12,2
DA:13,2
DA:15,0
DA:19,1
LF:10
LH:9
BRDA:5,0,0,2
BRDA:5,0,1,2
BRDA:7,1,0,0
BRDA:7,1,1,2
BRF:4
BRH:3
end_of_record
TN:
SF:server.js
FN:19,(anonymous_0)
FN:43,(anonymous_1)
FN:67,(anonymous_2)
FN:83,(anonymous_3)
FN:105,(anonymous_4)
FN:121,(anonymous_5)
FNF:6
FNH:3
FNDA:5,(anonymous_0)
FNDA:5,(anonymous_1)
FNDA:0,(anonymous_2)
FNDA:0,(anonymous_3)
FNDA:2,(anonymous_4)
FNDA:0,(anonymous_5)
DA:1,1
DA:2,1
DA:3,1
DA:4,1
DA:5,1
DA:6,1
DA:7,1
DA:8,1
DA:11,1
DA:12,1
DA:13,1
DA:17,1
DA:19,1
DA:20,5
DA:22,5
DA:23,1
DA:26,4
DA:27,4
DA:28,4
DA:29,1
DA:32,3
DA:34,3
DA:36,3
DA:38,0
DA:39,0
DA:43,1
DA:44,5
DA:46,5
DA:47,5
DA:48,5
DA:49,1
DA:52,4
DA:53,4
DA:54,1
DA:58,3
DA:60,3
DA:62,0
DA:63,0
DA:67,1
DA:68,0
DA:70,0
DA:71,0
DA:72,0
DA:73,0
DA:76,0
DA:78,0
DA:79,0
DA:83,1
DA:84,0
DA:86,0
DA:88,0
DA:90,0
DA:94,0
DA:95,0
DA:98,0
DA:100,0
DA:101,0
DA:105,1
DA:106,2
DA:108,2
DA:109,2
DA:110,2
DA:111,1
DA:114,1
DA:116,0
DA:117,0
DA:121,1
DA:123,0
DA:131,1
LF:69
LH:45
BRDA:22,0,0,1
BRDA:22,0,1,4
BRDA:28,1,0,1
BRDA:28,1,1,3
BRDA:48,2,0,1
BRDA:48,2,1,4
BRDA:53,3,0,1
BRDA:53,3,1,3
BRDA:72,4,0,0
BRDA:72,4,1,0
BRDA:94,5,0,0
BRDA:94,5,1,0
BRDA:110,6,0,1
BRDA:110,6,1,1
BRF:14
BRH:10
end_of_record
TN:
SF:models/Users.js
FNF:0
FNH:0
DA:1,1
DA:3,1
DA:19,1
DA:20,1
LF:4
LH:4
BRF:0
BRH:0
end_of_record
