TN:
SF:auth.js
FN:3,verifyToken
FNF:1
FNH:0
FNDA:0,verifyToken
DA:1,1
DA:4,0
DA:5,0
DA:7,0
DA:9,0
DA:10,0
DA:12,0
DA:13,0
DA:15,0
DA:19,1
LF:10
LH:2
BRDA:5,0,0,0
BRDA:5,0,1,0
BRDA:7,1,0,0
BRDA:7,1,1,0
BRF:4
BRH:0
end_of_record
TN:
SF:server.js
FN:19,(anonymous_0)
FN:43,(anonymous_1)
FN:67,(anonymous_2)
FN:83,(anonymous_3)
FN:105,(anonymous_4)
FN:121,(anonymous_5)
FNF:6
FNH:2
FNDA:3,(anonymous_0)
FNDA:3,(anonymous_1)
FNDA:0,(anonymous_2)
FNDA:0,(anonymous_3)
FNDA:0,(anonymous_4)
FNDA:0,(anonymous_5)
DA:1,1
DA:2,1
DA:3,1
DA:4,1
DA:5,1
DA:6,1
DA:7,1
DA:8,1
DA:11,1
DA:12,1
DA:13,1
DA:17,1
DA:19,1
DA:20,3
DA:22,3
DA:23,1
DA:26,2
DA:27,2
DA:28,2
DA:29,1
DA:32,1
DA:34,1
DA:36,1
DA:38,0
DA:39,0
DA:43,1
DA:44,3
DA:46,3
DA:47,3
DA:48,3
DA:49,1
DA:52,2
DA:53,2
DA:54,1
DA:58,1
DA:60,1
DA:62,0
DA:63,0
DA:67,1
DA:68,0
DA:70,0
DA:71,0
DA:72,0
DA:73,0
DA:76,0
DA:78,0
DA:79,0
DA:83,1
DA:84,0
DA:86,0
DA:88,0
DA:90,0
DA:94,0
DA:95,0
DA:98,0
DA:100,0
DA:101,0
DA:105,1
DA:106,0
DA:108,0
DA:109,0
DA:110,0
DA:111,0
DA:114,0
DA:116,0
DA:117,0
DA:121,1
DA:123,0
DA:130,1
LF:69
LH:39
BRDA:22,0,0,1
BRDA:22,0,1,2
BRDA:28,1,0,1
BRDA:28,1,1,1
BRDA:48,2,0,1
BRDA:48,2,1,2
BRDA:53,3,0,1
BRDA:53,3,1,1
BRDA:72,4,0,0
BRDA:72,4,1,0
BRDA:94,5,0,0
BRDA:94,5,1,0
BRDA:110,6,0,0
BRDA:110,6,1,0
BRF:14
BRH:8
end_of_record
TN:
SF:models/Users.js
FNF:0
FNH:0
DA:1,1
DA:3,1
DA:19,1
DA:20,1
LF:4
LH:4
BRF:0
BRH:0
end_of_record
